
> pm@0.1.0 build
> prisma generate && next build

Environment variables loaded from .env
Prisma schema loaded from prisma/schema.prisma

✔ Generated Prisma Client (v6.2.1) to ./node_modules/.pnpm/@prisma+client@6.2.1_prisma@6.2.1/node_modules/@prisma/client in 113ms

Start by importing your Prisma Client (See: https://pris.ly/d/importing-client)

Tip: Want to react to database changes in your app as they happen? Discover how with Pulse: https://pris.ly/tip-1-pulse

   ▲ Next.js 15.1.3
   - Environments: .env
   - Experiments (use with caution):
     · typedRoutes

   Creating an optimized production build ...
 ✓ Compiled successfully
   Linting and checking validity of types ...
Failed to compile.

src/app/[locale]/layout.tsx
Type error: Type 'Props' does not satisfy the constraint 'LayoutProps'.
  Types of property 'params' are incompatible.
    Type '{ locale: string; }' is missing the following properties from type 'Promise<any>': then, catch, finally, [Symbol.toStringTag]

Static worker exited with code: 1 and signal: null
